<?xml version="1.0" encoding="UTF-8"?>
<!-- Generated by org.testng.reporters.JUnitXMLReporter -->
<testsuite ignored="8" hostname="DESKTOP-KFN922T" failures="0" tests="1" name="Default test" time="24.292" errors="0" timestamp="2023-10-06T11:27:27 IST">
  <testcase classname="com.Test.HomePageTest" name="verifyPerformance" time="10.849"/>
  <testcase classname="com.Test.HomePageTest" name="verifyCarouselArrows" time="0.0">
    <ignored/>
  </testcase> <!-- verifyCarouselArrows -->
  <testcase classname="com.Test.HomePageTest" name="verifyElementsDisplay" time="0.0">
    <ignored/>
  </testcase> <!-- verifyElementsDisplay -->
  <testcase classname="com.Test.HomePageTest" name="verifySecondDropdown" time="0.0">
    <ignored/>
  </testcase> <!-- verifySecondDropdown -->
  <testcase classname="com.Test.HomePageTest" name="verifyHoverEffect" time="0.0">
    <ignored/>
  </testcase> <!-- verifyHoverEffect -->
  <testcase classname="com.Test.HomePageTest" name="verifyEmail" time="0.0">
    <ignored/>
  </testcase> <!-- verifyEmail -->
  <testcase classname="com.Test.HomePageTest" name="verifyFirstLinkedInconLink" time="0.0">
    <ignored/>
  </testcase> <!-- verifyFirstLinkedInconLink -->
  <testcase classname="com.Test.HomePageTest" name="verifySecondLinkedInconLink" time="0.0">
    <ignored/>
  </testcase> <!-- verifySecondLinkedInconLink -->
  <testcase classname="com.Test.HomePageTest" name="verifyFirstDropdown" time="0.0">
    <ignored/>
  </testcase> <!-- verifyFirstDropdown -->
</testsuite> <!-- Default test -->
