<?xml version="1.0" encoding="UTF-8"?>
<testng-results ignored="8" total="9" passed="1" failed="0" skipped="0">
  <reporter-output>
  </reporter-output>
  <suite started-at="2023-10-06T11:27:02 IST" name="Default suite" finished-at="2023-10-06T11:27:27 IST" duration-ms="24292">
    <groups>
    </groups>
    <test started-at="2023-10-06T11:27:02 IST" name="Default test" finished-at="2023-10-06T11:27:27 IST" duration-ms="24292">
      <class name="com.Test.HomePageTest">
        <test-method is-config="true" signature="browserSetup()[pri:0, instance:com.Test.HomePageTest@78691363]" started-at="2023-10-06T11:27:02 IST" name="browserSetup" finished-at="2023-10-06T11:27:13 IST" duration-ms="10671" status="PASS">
          <reporter-output>
          </reporter-output>
        </test-method> <!-- browserSetup -->
        <test-method signature="verifyPerformance()[pri:8, instance:com.Test.HomePageTest@78691363]" started-at="2023-10-06T11:27:13 IST" name="verifyPerformance" finished-at="2023-10-06T11:27:24 IST" duration-ms="10849" status="PASS">
          <reporter-output>
          </reporter-output>
        </test-method> <!-- verifyPerformance -->
        <test-method is-config="true" signature="tearDown()[pri:0, instance:com.Test.HomePageTest@78691363]" started-at="2023-10-06T11:27:24 IST" name="tearDown" finished-at="2023-10-06T11:27:27 IST" duration-ms="2630" status="PASS">
          <reporter-output>
          </reporter-output>
        </test-method> <!-- tearDown -->
      </class> <!-- com.Test.HomePageTest -->
    </test> <!-- Default test -->
  </suite> <!-- Default suite -->
</testng-results>
